[0mmoveit_setup_controllers: You did not request a specific build type: Choosing 'Release' for maximum performance[0m
[01m[Kc++:[m[K [01;31m[Kfatal error: [m[Kå·²æ€æ­» signal terminated program cc1plus
compilation terminated.
gmake[2]: *** [CMakeFiles/moveit_setup_controllers.dir/build.make:228ï¼šCMakeFiles/moveit_setup_controllers.dir/src/ros2_controllers_widget.cpp.o] é”™è¯¯ 1
gmake[2]: *** æ­£åœ¨ç­‰å¾…æœªå®Œæˆçš„ä»»åŠ¡....
gmake[1]: *** [CMakeFiles/Makefile2:161ï¼šCMakeFiles/moveit_setup_controllers.dir/all] é”™è¯¯ 2
gmake: *** [Makefile:146ï¼šall] é”™è¯¯ 2
